1620394282219	geckodriver	INFO	Listening on 127.0.0.1:57190
1620394285256	mozrunner::runner	INFO	Running command: "C:\\Program Files\\Mozilla Firefox\\firefox.exe" "--marionette" "-foreground" "-no-remote" "-profile" "C:\\Users\\Sultan\\AppData\\Local\\Temp\\rust_mozprofileB7OxcR"
console.warn: SearchSettings: "get: No settings file exists, new profile?" (new Error("", "(unknown module)"))
1620394312233	Marionette	INFO	Listening on port 57201
1620394312461	Marionette	WARN	TLS certificate errors will be ignored for this session
1620394316370	Marionette	INFO	Stopped listening on port 57201
[Parent 20648, IPC I/O Parent] WARNING: file /builds/worker/checkouts/gecko/ipc/chromium/src/base/process_util_win.cc:167
[Parent 20648, IPC I/O Parent] WARNING: file /builds/worker/checkouts/gecko/ipc/chromium/src/base/process_util_win.cc:167

###!!! [Child][RunMessage] Error: Channel closing: too late to send/recv, messages will be lost

1620394469912	geckodriver	INFO	Listening on 127.0.0.1:57554
1620394472941	mozrunner::runner	INFO	Running command: "C:\\Program Files\\Mozilla Firefox\\firefox.exe" "--marionette" "-foreground" "-no-remote" "-profile" "C:\\Users\\Sultan\\AppData\\Local\\Temp\\rust_mozprofile4KAqL4"
console.warn: SearchSettings: "get: No settings file exists, new profile?" (new Error("", "(unknown module)"))
1620394477438	Marionette	INFO	Listening on port 57563
1620394477757	Marionette	WARN	TLS certificate errors will be ignored for this session
1620394481820	Marionette	INFO	Stopped listening on port 57563

###!!! [Child][RunMessage] Error: Channel closing: too late to send/recv, messages will be lost

1620394707387	geckodriver	INFO	Listening on 127.0.0.1:57768
1620394710423	mozrunner::runner	INFO	Running command: "C:\\Program Files\\Mozilla Firefox\\firefox.exe" "--marionette" "-foreground" "-no-remote" "-profile" "C:\\Users\\Sultan\\AppData\\Local\\Temp\\rust_mozprofileN4DJrG"
console.warn: SearchSettings: "get: No settings file exists, new profile?" (new Error("", "(unknown module)"))
1620394719275	Marionette	INFO	Listening on port 57779
1620394720277	Marionette	WARN	TLS certificate errors will be ignored for this session
1620394725375	Marionette	INFO	Stopped listening on port 57779
1620394765573	geckodriver	INFO	Listening on 127.0.0.1:57877
1620394768615	mozrunner::runner	INFO	Running command: "C:\\Program Files\\Mozilla Firefox\\firefox.exe" "--marionette" "-foreground" "-no-remote" "-profile" "C:\\Users\\Sultan\\AppData\\Local\\Temp\\rust_mozprofileVR4mXW"
console.warn: SearchSettings: "get: No settings file exists, new profile?" (new Error("", "(unknown module)"))
1620394775148	Marionette	INFO	Listening on port 57890
1620394775593	Marionette	WARN	TLS certificate errors will be ignored for this session
1620394780009	Marionette	INFO	Stopped listening on port 57890

###!!! [Child][RunMessage] Error: Channel closing: too late to send/recv, messages will be lost

1620394842824	geckodriver	INFO	Listening on 127.0.0.1:58009
1620394845864	mozrunner::runner	INFO	Running command: "C:\\Program Files\\Mozilla Firefox\\firefox.exe" "--marionette" "-foreground" "-no-remote" "-profile" "C:\\Users\\Sultan\\AppData\\Local\\Temp\\rust_mozprofilekFoSXY"
console.warn: SearchSettings: "get: No settings file exists, new profile?" (new Error("", "(unknown module)"))
1620394853804	Marionette	INFO	Listening on port 58019
1620394853886	Marionette	WARN	TLS certificate errors will be ignored for this session
1620394861858	Marionette	INFO	Stopped listening on port 58019

###!!! [Child][RunMessage] Error: Channel closing: too late to send/recv, messages will be lost

1620395329625	geckodriver	INFO	Listening on 127.0.0.1:58465
1620395332680	mozrunner::runner	INFO	Running command: "C:\\Program Files\\Mozilla Firefox\\firefox.exe" "--marionette" "-foreground" "-no-remote" "-profile" "C:\\Users\\Sultan\\AppData\\Local\\Temp\\rust_mozprofileSMELfW"
console.warn: SearchSettings: "get: No settings file exists, new profile?" (new Error("", "(unknown module)"))
1620395337069	Marionette	INFO	Listening on port 58476
1620395337475	Marionette	WARN	TLS certificate errors will be ignored for this session
1620395341656	Marionette	INFO	Stopped listening on port 58476

###!!! [Child][RunMessage] Error: Channel closing: too late to send/recv, messages will be lost

1620395363010	geckodriver	INFO	Listening on 127.0.0.1:58765
1620395366056	mozrunner::runner	INFO	Running command: "C:\\Program Files\\Mozilla Firefox\\firefox.exe" "--marionette" "-foreground" "-no-remote" "-profile" "C:\\Users\\Sultan\\AppData\\Local\\Temp\\rust_mozprofilezlBVhk"
console.warn: SearchSettings: "get: No settings file exists, new profile?" (new Error("", "(unknown module)"))
1620395370620	Marionette	INFO	Listening on port 58773
1620395370907	Marionette	WARN	TLS certificate errors will be ignored for this session
1620395375356	Marionette	INFO	Stopped listening on port 58773

###!!! [Child][RunMessage] Error: Channel closing: too late to send/recv, messages will be lost

1620395571371	geckodriver	INFO	Listening on 127.0.0.1:56625
1620395574422	mozrunner::runner	INFO	Running command: "C:\\Program Files\\Mozilla Firefox\\firefox.exe" "--marionette" "-foreground" "-no-remote" "-profile" "C:\\Users\\Sultan\\AppData\\Local\\Temp\\rust_mozprofileScxBDj"
console.warn: SearchSettings: "get: No settings file exists, new profile?" (new Error("", "(unknown module)"))
1620395580549	Marionette	INFO	Listening on port 56636
1620395580994	Marionette	WARN	TLS certificate errors will be ignored for this session
1620395585508	Marionette	INFO	Stopped listening on port 56636

###!!! [Child][RunMessage] Error: Channel closing: too late to send/recv, messages will be lost

1620395689028	geckodriver	INFO	Listening on 127.0.0.1:56771
1620395692073	mozrunner::runner	INFO	Running command: "C:\\Program Files\\Mozilla Firefox\\firefox.exe" "--marionette" "-foreground" "-no-remote" "-profile" "C:\\Users\\Sultan\\AppData\\Local\\Temp\\rust_mozprofileeG97Ie"
console.warn: SearchSettings: "get: No settings file exists, new profile?" (new Error("", "(unknown module)"))
1620395698275	Marionette	INFO	Listening on port 56781
1620395698531	Marionette	WARN	TLS certificate errors will be ignored for this session
1620395707691	Marionette	INFO	Stopped listening on port 56781

###!!! [Child][RunMessage] Error: Channel closing: too late to send/recv, messages will be lost

1620396255377	geckodriver	INFO	Listening on 127.0.0.1:57245
1620396258425	mozrunner::runner	INFO	Running command: "C:\\Program Files\\Mozilla Firefox\\firefox.exe" "--marionette" "-foreground" "-no-remote" "-profile" "C:\\Users\\Sultan\\AppData\\Local\\Temp\\rust_mozprofileDkaR0G"
console.warn: SearchSettings: "get: No settings file exists, new profile?" (new Error("", "(unknown module)"))
1620396263865	Marionette	INFO	Listening on port 57256
1620396264264	Marionette	WARN	TLS certificate errors will be ignored for this session
1620396273562	Marionette	INFO	Stopped listening on port 57256

###!!! [Child][RunMessage] Error: Channel closing: too late to send/recv, messages will be lost

1620396365865	geckodriver	INFO	Listening on 127.0.0.1:57593
1620396368893	mozrunner::runner	INFO	Running command: "C:\\Program Files\\Mozilla Firefox\\firefox.exe" "--marionette" "-foreground" "-no-remote" "-profile" "C:\\Users\\Sultan\\AppData\\Local\\Temp\\rust_mozprofile2BZbqV"
console.warn: SearchSettings: "get: No settings file exists, new profile?" (new Error("", "(unknown module)"))
1620396374346	Marionette	INFO	Listening on port 57604
1620396374749	Marionette	WARN	TLS certificate errors will be ignored for this session
1620396383555	Marionette	INFO	Stopped listening on port 57604

###!!! [Child][RunMessage] Error: Channel closing: too late to send/recv, messages will be lost

1620396993862	geckodriver	INFO	Listening on 127.0.0.1:58212
1620396996911	mozrunner::runner	INFO	Running command: "C:\\Program Files\\Mozilla Firefox\\firefox.exe" "--marionette" "-foreground" "-no-remote" "-profile" "C:\\Users\\Sultan\\AppData\\Local\\Temp\\rust_mozprofile3kTQ40"
console.warn: SearchSettings: "get: No settings file exists, new profile?" (new Error("", "(unknown module)"))
1620397001113	Marionette	INFO	Listening on port 58220
1620397001227	Marionette	WARN	TLS certificate errors will be ignored for this session
JavaScript error: http://localhost:5000/edit/60954bcab28ae764644e9876, line 79: RangeError: invalid date
1620397007465	Marionette	INFO	Stopped listening on port 58220

###!!! [Child][RunMessage] Error: Channel closing: too late to send/recv, messages will be lost

1620397363541	geckodriver	INFO	Listening on 127.0.0.1:58835
1620397366603	mozrunner::runner	INFO	Running command: "C:\\Program Files\\Mozilla Firefox\\firefox.exe" "--marionette" "-foreground" "-no-remote" "-profile" "C:\\Users\\Sultan\\AppData\\Local\\Temp\\rust_mozprofileW0km3l"
console.warn: SearchSettings: "get: No settings file exists, new profile?" (new Error("", "(unknown module)"))
1620397370515	Marionette	INFO	Listening on port 58844
1620397370799	Marionette	WARN	TLS certificate errors will be ignored for this session
JavaScript error: http://localhost:5000/edit/60954d3ca9e46812a8d19959, line 79: RangeError: invalid date
1620397377088	Marionette	INFO	Stopped listening on port 58844

###!!! [Child][RunMessage] Error: Channel closing: too late to send/recv, messages will be lost

1620397428263	geckodriver	INFO	Listening on 127.0.0.1:58962
1620397431306	mozrunner::runner	INFO	Running command: "C:\\Program Files\\Mozilla Firefox\\firefox.exe" "--marionette" "-foreground" "-no-remote" "-profile" "C:\\Users\\Sultan\\AppData\\Local\\Temp\\rust_mozprofilex6rDoo"
console.warn: SearchSettings: "get: No settings file exists, new profile?" (new Error("", "(unknown module)"))
1620397435048	Marionette	INFO	Listening on port 58970
1620397435499	Marionette	WARN	TLS certificate errors will be ignored for this session
1620397438515	Marionette	INFO	Stopped listening on port 58970
1620397478277	geckodriver	INFO	Listening on 127.0.0.1:59048
1620397481328	mozrunner::runner	INFO	Running command: "C:\\Program Files\\Mozilla Firefox\\firefox.exe" "--marionette" "-foreground" "-no-remote" "-profile" "C:\\Users\\Sultan\\AppData\\Local\\Temp\\rust_mozprofilegND2n8"
console.warn: SearchSettings: "get: No settings file exists, new profile?" (new Error("", "(unknown module)"))
1620397485299	Marionette	INFO	Listening on port 59057
1620397485539	Marionette	WARN	TLS certificate errors will be ignored for this session
1620397488268	Marionette	INFO	Stopped listening on port 59057

###!!! [Child][RunMessage] Error: Channel closing: too late to send/recv, messages will be lost

1620397519221	geckodriver	INFO	Listening on 127.0.0.1:59144
1620397522275	mozrunner::runner	INFO	Running command: "C:\\Program Files\\Mozilla Firefox\\firefox.exe" "--marionette" "-foreground" "-no-remote" "-profile" "C:\\Users\\Sultan\\AppData\\Local\\Temp\\rust_mozprofileJOYr36"
console.warn: SearchSettings: "get: No settings file exists, new profile?" (new Error("", "(unknown module)"))
1620397526256	Marionette	INFO	Listening on port 59157
1620397526494	Marionette	WARN	TLS certificate errors will be ignored for this session
JavaScript error: http://localhost:5000/edit/60954dd8db65fb7a7ee7e514, line 79: RangeError: invalid date
1620397559036	Marionette	INFO	Stopped listening on port 59157
[Parent 4264, IPC I/O Parent] WARNING: file /builds/worker/checkouts/gecko/ipc/chromium/src/base/process_util_win.cc:167

###!!! [Child][RunMessage] Error: Channel closing: too late to send/recv, messages will be lost

1620397692495	geckodriver	INFO	Listening on 127.0.0.1:59322
1620397695588	mozrunner::runner	INFO	Running command: "C:\\Program Files\\Mozilla Firefox\\firefox.exe" "--marionette" "-foreground" "-no-remote" "-profile" "C:\\Users\\Sultan\\AppData\\Local\\Temp\\rust_mozprofilelazlvT"
console.warn: SearchSettings: "get: No settings file exists, new profile?" (new Error("", "(unknown module)"))
1620397700350	Marionette	INFO	Listening on port 59335
1620397701114	Marionette	WARN	TLS certificate errors will be ignored for this session
JavaScript error: http://localhost:5000/edit/60954eaf134add84be96b00e, line 79: RangeError: invalid date
1620398105723	geckodriver	INFO	Listening on 127.0.0.1:59658
1620398108803	mozrunner::runner	INFO	Running command: "C:\\Program Files\\Mozilla Firefox\\firefox.exe" "--marionette" "-foreground" "-no-remote" "-profile" "C:\\Users\\Sultan\\AppData\\Local\\Temp\\rust_mozprofileb5DTQb"
console.warn: SearchSettings: "get: No settings file exists, new profile?" (new Error("", "(unknown module)"))
1620398114186	Marionette	INFO	Listening on port 59666
1620398114634	Marionette	WARN	TLS certificate errors will be ignored for this session
JavaScript error: http://localhost:5000/edit/609550240d0f915788ad92ec, line 79: RangeError: invalid date
1620398175869	geckodriver	INFO	Listening on 127.0.0.1:59782
1620398178905	mozrunner::runner	INFO	Running command: "C:\\Program Files\\Mozilla Firefox\\firefox.exe" "--marionette" "-foreground" "-no-remote" "-profile" "C:\\Users\\Sultan\\AppData\\Local\\Temp\\rust_mozprofile7lyXm8"
console.warn: SearchSettings: "get: No settings file exists, new profile?" (new Error("", "(unknown module)"))
1620398183002	Marionette	INFO	Listening on port 59790
1620398183136	Marionette	WARN	TLS certificate errors will be ignored for this session
JavaScript error: http://localhost:5000/edit/60955068533e1b4628febd93, line 79: RangeError: invalid date
1620398189433	Marionette	INFO	Stopped listening on port 59790
[Parent 13404, IPC I/O Parent] WARNING: file /builds/worker/checkouts/gecko/ipc/chromium/src/base/process_util_win.cc:167

###!!! [Child][RunMessage] Error: Channel closing: too late to send/recv, messages will be lost

1620398228579	geckodriver	INFO	Listening on 127.0.0.1:59892
1620398231605	mozrunner::runner	INFO	Running command: "C:\\Program Files\\Mozilla Firefox\\firefox.exe" "--marionette" "-foreground" "-no-remote" "-profile" "C:\\Users\\Sultan\\AppData\\Local\\Temp\\rust_mozprofileiZCmyx"
console.warn: SearchSettings: "get: No settings file exists, new profile?" (new Error("", "(unknown module)"))
1620398235273	Marionette	INFO	Listening on port 59900
1620398235304	Marionette	WARN	TLS certificate errors will be ignored for this session
JavaScript error: http://localhost:5000/edit/6095509d6c82ff7e53d63a83, line 79: RangeError: invalid date
1620398241480	Marionette	INFO	Stopped listening on port 59900

###!!! [Child][RunMessage] Error: Channel closing: too late to send/recv, messages will be lost

